<?xml version="1.0" encoding="UTF-8"?>
<coverage generated="1752774762881" clover="3.2.0">
  <project timestamp="1752774762882" name="All files">
    <metrics statements="45" coveredstatements="35" conditionals="32" coveredconditionals="20" methods="12" coveredmethods="12" elements="89" coveredelements="67" complexity="0" loc="45" ncloc="45" packages="1" files="2" classes="2"/>
    <file name="gameboard.js" path="H:\Learning\Projects - Excercises\Projects\TheOdinProject - Battleship\src\gameboard.js">
      <metrics statements="39" coveredstatements="29" conditionals="32" coveredconditionals="20" methods="7" coveredmethods="7"/>
      <line num="3" count="8" type="stmt"/>
      <line num="4" count="8" type="stmt"/>
      <line num="5" count="8" type="stmt"/>
      <line num="6" count="8" type="stmt"/>
      <line num="10" count="8" type="stmt"/>
      <line num="11" count="800" type="stmt"/>
      <line num="13" count="8" type="stmt"/>
      <line num="17" count="7" type="stmt"/>
      <line num="19" count="7" type="cond" truecount="1" falsecount="1"/>
      <line num="20" count="7" type="cond" truecount="2" falsecount="0"/>
      <line num="26" count="6" type="stmt"/>
      <line num="27" count="16" type="cond" truecount="2" falsecount="0"/>
      <line num="31" count="1" type="stmt"/>
      <line num="34" count="5" type="stmt"/>
      <line num="35" count="15" type="stmt"/>
      <line num="37" count="5" type="stmt"/>
      <line num="39" count="1" type="stmt"/>
      <line num="41" count="0" type="cond" truecount="0" falsecount="2"/>
      <line num="42" count="0" type="cond" truecount="0" falsecount="2"/>
      <line num="48" count="0" type="stmt"/>
      <line num="49" count="0" type="cond" truecount="0" falsecount="2"/>
      <line num="53" count="0" type="stmt"/>
      <line num="56" count="0" type="stmt"/>
      <line num="57" count="0" type="stmt"/>
      <line num="59" count="0" type="stmt"/>
      <line num="61" count="0" type="stmt"/>
      <line num="67" count="6" type="cond" truecount="2" falsecount="0"/>
      <line num="71" count="1" type="stmt"/>
      <line num="72" count="5" type="cond" truecount="2" falsecount="0"/>
      <line num="73" count="1" type="stmt"/>
      <line num="76" count="4" type="cond" truecount="1" falsecount="1"/>
      <line num="77" count="4" type="stmt"/>
      <line num="78" count="4" type="cond" truecount="2" falsecount="0"/>
      <line num="79" count="1" type="stmt"/>
      <line num="81" count="4" type="stmt"/>
      <line num="84" count="0" type="stmt"/>
      <line num="89" count="2" type="cond" truecount="2" falsecount="0"/>
      <line num="90" count="1" type="stmt"/>
      <line num="92" count="1" type="stmt"/>
    </file>
    <file name="ship.js" path="H:\Learning\Projects - Excercises\Projects\TheOdinProject - Battleship\src\ship.js">
      <metrics statements="6" coveredstatements="6" conditionals="0" coveredconditionals="0" methods="5" coveredmethods="5"/>
      <line num="3" count="9" type="stmt"/>
      <line num="4" count="9" type="stmt"/>
      <line num="8" count="7" type="stmt"/>
      <line num="12" count="6" type="stmt"/>
      <line num="16" count="1" type="stmt"/>
      <line num="20" count="6" type="stmt"/>
    </file>
  </project>
</coverage>
