<?xml version="1.0" encoding="UTF-8"?>
<coverage generated="1756807752103" clover="3.2.0">
  <project timestamp="1756807752103" name="All files">
    <metrics statements="48" coveredstatements="15" conditionals="40" coveredconditionals="4" methods="16" coveredmethods="8" elements="104" coveredelements="27" complexity="0" loc="48" ncloc="48" packages="1" files="2" classes="2"/>
    <file name="gameboard.js" path="H:\Learning\Projects - Excercises\Projects\TheOdinProject - Battleship\src\gameboard.js">
      <metrics statements="39" coveredstatements="9" conditionals="36" coveredconditionals="2" methods="11" coveredmethods="5"/>
      <line num="5" count="8" type="stmt"/>
      <line num="6" count="8" type="stmt"/>
      <line num="7" count="8" type="stmt"/>
      <line num="8" count="8" type="stmt"/>
      <line num="9" count="8" type="stmt"/>
      <line num="13" count="80" type="stmt"/>
      <line num="17" count="6" type="cond" truecount="1" falsecount="3"/>
      <line num="22" count="0" type="cond" truecount="0" falsecount="2"/>
      <line num="23" count="0" type="cond" truecount="0" falsecount="2"/>
      <line num="25" count="0" type="cond" truecount="0" falsecount="2"/>
      <line num="28" count="0" type="stmt"/>
      <line num="29" count="0" type="cond" truecount="0" falsecount="2"/>
      <line num="30" count="0" type="cond" truecount="0" falsecount="2"/>
      <line num="31" count="0" type="cond" truecount="0" falsecount="2"/>
      <line num="32" count="0" type="stmt"/>
      <line num="36" count="0" type="stmt"/>
      <line num="40" count="6" type="cond" truecount="1" falsecount="1"/>
      <line num="41" count="6" type="stmt"/>
      <line num="44" count="0" type="cond" truecount="0" falsecount="2"/>
      <line num="45" count="0" type="stmt"/>
      <line num="48" count="0" type="stmt"/>
      <line num="49" count="0" type="stmt"/>
      <line num="55" count="0" type="stmt"/>
      <line num="56" count="0" type="cond" truecount="0" falsecount="2"/>
      <line num="57" count="0" type="cond" truecount="0" falsecount="2"/>
      <line num="59" count="0" type="stmt"/>
      <line num="60" count="0" type="stmt"/>
      <line num="63" count="0" type="stmt"/>
      <line num="64" count="0" type="stmt"/>
      <line num="69" count="0" type="cond" truecount="0" falsecount="2"/>
      <line num="70" count="0" type="stmt"/>
      <line num="74" count="0" type="stmt"/>
      <line num="78" count="0" type="stmt"/>
      <line num="80" count="0" type="stmt"/>
      <line num="82" count="0" type="cond" truecount="0" falsecount="2"/>
      <line num="83" count="0" type="cond" truecount="0" falsecount="2"/>
      <line num="84" count="0" type="cond" truecount="0" falsecount="2"/>
      <line num="85" count="0" type="cond" truecount="0" falsecount="2"/>
      <line num="91" count="0" type="stmt"/>
    </file>
    <file name="ship.js" path="H:\Learning\Projects - Excercises\Projects\TheOdinProject - Battleship\src\ship.js">
      <metrics statements="9" coveredstatements="6" conditionals="4" coveredconditionals="2" methods="5" coveredmethods="3"/>
      <line num="3" count="9" type="cond" truecount="1" falsecount="1"/>
      <line num="4" count="0" type="stmt"/>
      <line num="6" count="9" type="stmt"/>
      <line num="7" count="9" type="stmt"/>
      <line num="11" count="0" type="stmt"/>
      <line num="15" count="2" type="cond" truecount="1" falsecount="1"/>
      <line num="16" count="2" type="stmt"/>
      <line num="21" count="0" type="stmt"/>
      <line num="25" count="2" type="stmt"/>
    </file>
  </project>
</coverage>
