{"H:\\Learning\\Projects - Excercises\\Projects\\TheOdinProject - Battleship\\src\\gameboard.js": {"path":"H:\\Learning\\Projects - Excercises\\Projects\\TheOdinProject - Battleship\\src\\gameboard.js","statementMap":{"0":{"start":{"line":5,"column":8},"end":{"line":5,"column":25}},"1":{"start":{"line":6,"column":8},"end":{"line":6,"column":46}},"2":{"start":{"line":7,"column":8},"end":{"line":7,"column":24}},"3":{"start":{"line":8,"column":8},"end":{"line":8,"column":32}},"4":{"start":{"line":9,"column":8},"end":{"line":9,"column":45}},"5":{"start":{"line":13,"column":6},"end":{"line":13,"column":80}},"6":{"start":{"line":13,"column":51},"end":{"line":13,"column":78}},"7":{"start":{"line":17,"column":4},"end":{"line":17,"column":62}},"8":{"start":{"line":22,"column":4},"end":{"line":26,"column":5}},"9":{"start":{"line":23,"column":6},"end":{"line":23,"column":47}},"10":{"start":{"line":23,"column":34},"end":{"line":23,"column":47}},"11":{"start":{"line":25,"column":6},"end":{"line":25,"column":47}},"12":{"start":{"line":25,"column":34},"end":{"line":25,"column":47}},"13":{"start":{"line":28,"column":4},"end":{"line":34,"column":5}},"14":{"start":{"line":28,"column":17},"end":{"line":28,"column":18}},"15":{"start":{"line":29,"column":21},"end":{"line":29,"column":45}},"16":{"start":{"line":30,"column":21},"end":{"line":30,"column":45}},"17":{"start":{"line":31,"column":6},"end":{"line":33,"column":7}},"18":{"start":{"line":32,"column":8},"end":{"line":32,"column":21}},"19":{"start":{"line":36,"column":4},"end":{"line":36,"column":16}},"20":{"start":{"line":40,"column":4},"end":{"line":42,"column":5}},"21":{"start":{"line":41,"column":6},"end":{"line":41,"column":45}},"22":{"start":{"line":44,"column":4},"end":{"line":46,"column":5}},"23":{"start":{"line":45,"column":6},"end":{"line":45,"column":65}},"24":{"start":{"line":48,"column":17},"end":{"line":48,"column":33}},"25":{"start":{"line":49,"column":21},"end":{"line":52,"column":5}},"26":{"start":{"line":55,"column":4},"end":{"line":61,"column":5}},"27":{"start":{"line":55,"column":17},"end":{"line":55,"column":18}},"28":{"start":{"line":56,"column":21},"end":{"line":56,"column":45}},"29":{"start":{"line":57,"column":21},"end":{"line":57,"column":45}},"30":{"start":{"line":59,"column":6},"end":{"line":59,"column":44}},"31":{"start":{"line":60,"column":6},"end":{"line":60,"column":50}},"32":{"start":{"line":63,"column":4},"end":{"line":63,"column":30}},"33":{"start":{"line":64,"column":4},"end":{"line":64,"column":16}},"34":{"start":{"line":69,"column":4},"end":{"line":69,"column":51}},"35":{"start":{"line":69,"column":39},"end":{"line":69,"column":51}},"36":{"start":{"line":70,"column":4},"end":{"line":70,"column":32}},"37":{"start":{"line":74,"column":4},"end":{"line":74,"column":53}},"38":{"start":{"line":78,"column":20},"end":{"line":89,"column":17}},"39":{"start":{"line":80,"column":8},"end":{"line":87,"column":20}},"40":{"start":{"line":82,"column":12},"end":{"line":82,"column":42}},"41":{"start":{"line":82,"column":31},"end":{"line":82,"column":42}},"42":{"start":{"line":83,"column":12},"end":{"line":83,"column":43}},"43":{"start":{"line":83,"column":32},"end":{"line":83,"column":43}},"44":{"start":{"line":84,"column":12},"end":{"line":84,"column":44}},"45":{"start":{"line":84,"column":33},"end":{"line":84,"column":44}},"46":{"start":{"line":85,"column":12},"end":{"line":85,"column":53}},"47":{"start":{"line":85,"column":42},"end":{"line":85,"column":53}},"48":{"start":{"line":91,"column":4},"end":{"line":91,"column":19}}},"fnMap":{"0":{"name":"(anonymous_0)","decl":{"start":{"line":4,"column":4},"end":{"line":4,"column":5}},"loc":{"start":{"line":4,"column":27},"end":{"line":10,"column":5}},"line":4},"1":{"name":"(anonymous_1)","decl":{"start":{"line":12,"column":4},"end":{"line":12,"column":5}},"loc":{"start":{"line":12,"column":20},"end":{"line":14,"column":5}},"line":12},"2":{"name":"(anonymous_2)","decl":{"start":{"line":13,"column":45},"end":{"line":13,"column":46}},"loc":{"start":{"line":13,"column":51},"end":{"line":13,"column":78}},"line":13},"3":{"name":"(anonymous_3)","decl":{"start":{"line":16,"column":4},"end":{"line":16,"column":5}},"loc":{"start":{"line":16,"column":28},"end":{"line":18,"column":3}},"line":16},"4":{"name":"(anonymous_4)","decl":{"start":{"line":20,"column":2},"end":{"line":20,"column":3}},"loc":{"start":{"line":20,"column":43},"end":{"line":37,"column":3}},"line":20},"5":{"name":"(anonymous_5)","decl":{"start":{"line":39,"column":2},"end":{"line":39,"column":3}},"loc":{"start":{"line":39,"column":47},"end":{"line":65,"column":3}},"line":39},"6":{"name":"(anonymous_6)","decl":{"start":{"line":68,"column":2},"end":{"line":68,"column":3}},"loc":{"start":{"line":68,"column":18},"end":{"line":71,"column":3}},"line":68},"7":{"name":"(anonymous_7)","decl":{"start":{"line":73,"column":2},"end":{"line":73,"column":3}},"loc":{"start":{"line":73,"column":24},"end":{"line":75,"column":3}},"line":73},"8":{"name":"(anonymous_8)","decl":{"start":{"line":77,"column":2},"end":{"line":77,"column":3}},"loc":{"start":{"line":77,"column":15},"end":{"line":92,"column":3}},"line":77},"9":{"name":"(anonymous_9)","decl":{"start":{"line":79,"column":11},"end":{"line":79,"column":12}},"loc":{"start":{"line":80,"column":8},"end":{"line":87,"column":20}},"line":80},"10":{"name":"(anonymous_10)","decl":{"start":{"line":81,"column":15},"end":{"line":81,"column":16}},"loc":{"start":{"line":81,"column":25},"end":{"line":86,"column":11}},"line":81}},"branchMap":{"0":{"loc":{"start":{"line":4,"column":16},"end":{"line":4,"column":25}},"type":"default-arg","locations":[{"start":{"line":4,"column":23},"end":{"line":4,"column":25}}],"line":4},"1":{"loc":{"start":{"line":17,"column":11},"end":{"line":17,"column":61}},"type":"binary-expr","locations":[{"start":{"line":17,"column":11},"end":{"line":17,"column":17}},{"start":{"line":17,"column":21},"end":{"line":17,"column":34}},{"start":{"line":17,"column":38},"end":{"line":17,"column":44}},{"start":{"line":17,"column":48},"end":{"line":17,"column":61}}],"line":17},"2":{"loc":{"start":{"line":22,"column":4},"end":{"line":26,"column":5}},"type":"if","locations":[{"start":{"line":22,"column":4},"end":{"line":26,"column":5}},{"start":{"line":24,"column":11},"end":{"line":26,"column":5}}],"line":22},"3":{"loc":{"start":{"line":23,"column":6},"end":{"line":23,"column":47}},"type":"if","locations":[{"start":{"line":23,"column":6},"end":{"line":23,"column":47}},{"start":{},"end":{}}],"line":23},"4":{"loc":{"start":{"line":25,"column":6},"end":{"line":25,"column":47}},"type":"if","locations":[{"start":{"line":25,"column":6},"end":{"line":25,"column":47}},{"start":{},"end":{}}],"line":25},"5":{"loc":{"start":{"line":29,"column":21},"end":{"line":29,"column":45}},"type":"cond-expr","locations":[{"start":{"line":29,"column":36},"end":{"line":29,"column":41}},{"start":{"line":29,"column":44},"end":{"line":29,"column":45}}],"line":29},"6":{"loc":{"start":{"line":30,"column":21},"end":{"line":30,"column":45}},"type":"cond-expr","locations":[{"start":{"line":30,"column":36},"end":{"line":30,"column":37}},{"start":{"line":30,"column":40},"end":{"line":30,"column":45}}],"line":30},"7":{"loc":{"start":{"line":31,"column":6},"end":{"line":33,"column":7}},"type":"if","locations":[{"start":{"line":31,"column":6},"end":{"line":33,"column":7}},{"start":{},"end":{}}],"line":31},"8":{"loc":{"start":{"line":39,"column":26},"end":{"line":39,"column":45}},"type":"default-arg","locations":[{"start":{"line":39,"column":41},"end":{"line":39,"column":45}}],"line":39},"9":{"loc":{"start":{"line":40,"column":4},"end":{"line":42,"column":5}},"type":"if","locations":[{"start":{"line":40,"column":4},"end":{"line":42,"column":5}},{"start":{},"end":{}}],"line":40},"10":{"loc":{"start":{"line":44,"column":4},"end":{"line":46,"column":5}},"type":"if","locations":[{"start":{"line":44,"column":4},"end":{"line":46,"column":5}},{"start":{},"end":{}}],"line":44},"11":{"loc":{"start":{"line":56,"column":21},"end":{"line":56,"column":45}},"type":"cond-expr","locations":[{"start":{"line":56,"column":36},"end":{"line":56,"column":41}},{"start":{"line":56,"column":44},"end":{"line":56,"column":45}}],"line":56},"12":{"loc":{"start":{"line":57,"column":21},"end":{"line":57,"column":45}},"type":"cond-expr","locations":[{"start":{"line":57,"column":36},"end":{"line":57,"column":37}},{"start":{"line":57,"column":40},"end":{"line":57,"column":45}}],"line":57},"13":{"loc":{"start":{"line":69,"column":4},"end":{"line":69,"column":51}},"type":"if","locations":[{"start":{"line":69,"column":4},"end":{"line":69,"column":51}},{"start":{},"end":{}}],"line":69},"14":{"loc":{"start":{"line":82,"column":12},"end":{"line":82,"column":42}},"type":"if","locations":[{"start":{"line":82,"column":12},"end":{"line":82,"column":42}},{"start":{},"end":{}}],"line":82},"15":{"loc":{"start":{"line":83,"column":12},"end":{"line":83,"column":43}},"type":"if","locations":[{"start":{"line":83,"column":12},"end":{"line":83,"column":43}},{"start":{},"end":{}}],"line":83},"16":{"loc":{"start":{"line":84,"column":12},"end":{"line":84,"column":44}},"type":"if","locations":[{"start":{"line":84,"column":12},"end":{"line":84,"column":44}},{"start":{},"end":{}}],"line":84},"17":{"loc":{"start":{"line":85,"column":12},"end":{"line":85,"column":53}},"type":"if","locations":[{"start":{"line":85,"column":12},"end":{"line":85,"column":53}},{"start":{},"end":{}}],"line":85}},"s":{"0":8,"1":8,"2":8,"3":8,"4":8,"5":8,"6":80,"7":6,"8":0,"9":0,"10":0,"11":0,"12":0,"13":0,"14":0,"15":0,"16":0,"17":0,"18":0,"19":0,"20":6,"21":6,"22":0,"23":0,"24":0,"25":0,"26":0,"27":0,"28":0,"29":0,"30":0,"31":0,"32":0,"33":0,"34":0,"35":0,"36":0,"37":0,"38":0,"39":0,"40":0,"41":0,"42":0,"43":0,"44":0,"45":0,"46":0,"47":0,"48":0},"f":{"0":8,"1":8,"2":80,"3":6,"4":0,"5":6,"6":0,"7":0,"8":0,"9":0,"10":0},"b":{"0":[0],"1":[6,0,0,0],"2":[0,0],"3":[0,0],"4":[0,0],"5":[0,0],"6":[0,0],"7":[0,0],"8":[0],"9":[6,0],"10":[0,0],"11":[0,0],"12":[0,0],"13":[0,0],"14":[0,0],"15":[0,0],"16":[0,0],"17":[0,0]},"_coverageSchema":"1a1c01bbd47fc00a2c39e90264f33305004495a9","hash":"2c4fecfe4c3ac162dd32b9d0ff8a2ecf0c2a29e8"}
,"H:\\Learning\\Projects - Excercises\\Projects\\TheOdinProject - Battleship\\src\\ship.js": {"path":"H:\\Learning\\Projects - Excercises\\Projects\\TheOdinProject - Battleship\\src\\ship.js","statementMap":{"0":{"start":{"line":3,"column":4},"end":{"line":5,"column":5}},"1":{"start":{"line":4,"column":6},"end":{"line":4,"column":60}},"2":{"start":{"line":6,"column":4},"end":{"line":6,"column":25}},"3":{"start":{"line":7,"column":4},"end":{"line":7,"column":18}},"4":{"start":{"line":11,"column":4},"end":{"line":11,"column":23}},"5":{"start":{"line":15,"column":4},"end":{"line":17,"column":5}},"6":{"start":{"line":16,"column":6},"end":{"line":16,"column":18}},"7":{"start":{"line":21,"column":4},"end":{"line":21,"column":21}},"8":{"start":{"line":25,"column":4},"end":{"line":25,"column":36}}},"fnMap":{"0":{"name":"(anonymous_0)","decl":{"start":{"line":2,"column":2},"end":{"line":2,"column":3}},"loc":{"start":{"line":2,"column":22},"end":{"line":8,"column":3}},"line":2},"1":{"name":"(anonymous_1)","decl":{"start":{"line":10,"column":2},"end":{"line":10,"column":3}},"loc":{"start":{"line":10,"column":14},"end":{"line":12,"column":3}},"line":10},"2":{"name":"(anonymous_2)","decl":{"start":{"line":14,"column":2},"end":{"line":14,"column":3}},"loc":{"start":{"line":14,"column":8},"end":{"line":18,"column":3}},"line":14},"3":{"name":"(anonymous_3)","decl":{"start":{"line":20,"column":2},"end":{"line":20,"column":3}},"loc":{"start":{"line":20,"column":12},"end":{"line":22,"column":3}},"line":20},"4":{"name":"(anonymous_4)","decl":{"start":{"line":24,"column":2},"end":{"line":24,"column":3}},"loc":{"start":{"line":24,"column":11},"end":{"line":26,"column":3}},"line":24}},"branchMap":{"0":{"loc":{"start":{"line":3,"column":4},"end":{"line":5,"column":5}},"type":"if","locations":[{"start":{"line":3,"column":4},"end":{"line":5,"column":5}},{"start":{},"end":{}}],"line":3},"1":{"loc":{"start":{"line":15,"column":4},"end":{"line":17,"column":5}},"type":"if","locations":[{"start":{"line":15,"column":4},"end":{"line":17,"column":5}},{"start":{},"end":{}}],"line":15}},"s":{"0":9,"1":0,"2":9,"3":9,"4":0,"5":2,"6":2,"7":0,"8":2},"f":{"0":9,"1":0,"2":2,"3":0,"4":2},"b":{"0":[0,9],"1":[2,0]},"_coverageSchema":"1a1c01bbd47fc00a2c39e90264f33305004495a9","hash":"68d2eda3f1327908c01e5250a7776fd612da18f8"}
}
