{"H:\\Learning\\Projects - Excercises\\Projects\\TheOdinProject - Battleship\\src\\gameboard.js": {"path":"H:\\Learning\\Projects - Excercises\\Projects\\TheOdinProject - Battleship\\src\\gameboard.js","statementMap":{"0":{"start":{"line":3,"column":8},"end":{"line":3,"column":22}},"1":{"start":{"line":4,"column":8},"end":{"line":4,"column":25}},"2":{"start":{"line":5,"column":8},"end":{"line":5,"column":69}},"3":{"start":{"line":6,"column":8},"end":{"line":6,"column":28}},"4":{"start":{"line":10,"column":26},"end":{"line":12,"column":9}},"5":{"start":{"line":11,"column":12},"end":{"line":11,"column":49}},"6":{"start":{"line":11,"column":44},"end":{"line":11,"column":48}},"7":{"start":{"line":13,"column":8},"end":{"line":13,"column":25}},"8":{"start":{"line":17,"column":23},"end":{"line":17,"column":39}},"9":{"start":{"line":19,"column":8},"end":{"line":63,"column":9}},"10":{"start":{"line":20,"column":12},"end":{"line":40,"column":13}},"11":{"start":{"line":26,"column":16},"end":{"line":33,"column":17}},"12":{"start":{"line":26,"column":29},"end":{"line":26,"column":30}},"13":{"start":{"line":27,"column":20},"end":{"line":32,"column":21}},"14":{"start":{"line":31,"column":24},"end":{"line":31,"column":64}},"15":{"start":{"line":34,"column":16},"end":{"line":36,"column":17}},"16":{"start":{"line":34,"column":29},"end":{"line":34,"column":30}},"17":{"start":{"line":35,"column":20},"end":{"line":35,"column":62}},"18":{"start":{"line":37,"column":16},"end":{"line":37,"column":37}},"19":{"start":{"line":39,"column":16},"end":{"line":39,"column":64}},"20":{"start":{"line":41,"column":15},"end":{"line":63,"column":9}},"21":{"start":{"line":42,"column":12},"end":{"line":62,"column":13}},"22":{"start":{"line":48,"column":16},"end":{"line":55,"column":17}},"23":{"start":{"line":48,"column":29},"end":{"line":48,"column":30}},"24":{"start":{"line":49,"column":20},"end":{"line":54,"column":21}},"25":{"start":{"line":53,"column":24},"end":{"line":53,"column":64}},"26":{"start":{"line":56,"column":16},"end":{"line":58,"column":17}},"27":{"start":{"line":56,"column":29},"end":{"line":56,"column":30}},"28":{"start":{"line":57,"column":20},"end":{"line":57,"column":62}},"29":{"start":{"line":59,"column":16},"end":{"line":59,"column":37}},"30":{"start":{"line":61,"column":16},"end":{"line":61,"column":64}},"31":{"start":{"line":67,"column":8},"end":{"line":85,"column":9}},"32":{"start":{"line":71,"column":12},"end":{"line":71,"column":52}},"33":{"start":{"line":72,"column":15},"end":{"line":85,"column":9}},"34":{"start":{"line":73,"column":12},"end":{"line":73,"column":52}},"35":{"start":{"line":76,"column":15},"end":{"line":85,"column":9}},"36":{"start":{"line":77,"column":12},"end":{"line":77,"column":49}},"37":{"start":{"line":78,"column":12},"end":{"line":80,"column":13}},"38":{"start":{"line":79,"column":16},"end":{"line":79,"column":37}},"39":{"start":{"line":81,"column":12},"end":{"line":81,"column":51}},"40":{"start":{"line":84,"column":12},"end":{"line":84,"column":59}},"41":{"start":{"line":89,"column":8},"end":{"line":91,"column":9}},"42":{"start":{"line":90,"column":12},"end":{"line":90,"column":24}},"43":{"start":{"line":92,"column":8},"end":{"line":92,"column":21}}},"fnMap":{"0":{"name":"(anonymous_0)","decl":{"start":{"line":2,"column":4},"end":{"line":2,"column":5}},"loc":{"start":{"line":2,"column":22},"end":{"line":7,"column":5}},"line":2},"1":{"name":"(anonymous_1)","decl":{"start":{"line":9,"column":4},"end":{"line":9,"column":5}},"loc":{"start":{"line":9,"column":24},"end":{"line":14,"column":5}},"line":9},"2":{"name":"(anonymous_2)","decl":{"start":{"line":10,"column":52},"end":{"line":10,"column":53}},"loc":{"start":{"line":11,"column":12},"end":{"line":11,"column":49}},"line":11},"3":{"name":"(anonymous_3)","decl":{"start":{"line":11,"column":38},"end":{"line":11,"column":39}},"loc":{"start":{"line":11,"column":44},"end":{"line":11,"column":48}},"line":11},"4":{"name":"(anonymous_4)","decl":{"start":{"line":16,"column":4},"end":{"line":16,"column":5}},"loc":{"start":{"line":16,"column":48},"end":{"line":64,"column":5}},"line":16},"5":{"name":"(anonymous_5)","decl":{"start":{"line":66,"column":4},"end":{"line":66,"column":5}},"loc":{"start":{"line":66,"column":33},"end":{"line":86,"column":5}},"line":66},"6":{"name":"(anonymous_6)","decl":{"start":{"line":88,"column":4},"end":{"line":88,"column":5}},"loc":{"start":{"line":88,"column":19},"end":{"line":93,"column":5}},"line":88}},"branchMap":{"0":{"loc":{"start":{"line":19,"column":8},"end":{"line":63,"column":9}},"type":"if","locations":[{"start":{"line":19,"column":8},"end":{"line":63,"column":9}},{"start":{"line":41,"column":15},"end":{"line":63,"column":9}}],"line":19},"1":{"loc":{"start":{"line":20,"column":12},"end":{"line":40,"column":13}},"type":"if","locations":[{"start":{"line":20,"column":12},"end":{"line":40,"column":13}},{"start":{"line":38,"column":19},"end":{"line":40,"column":13}}],"line":20},"2":{"loc":{"start":{"line":22,"column":20},"end":{"line":23,"column":77}},"type":"binary-expr","locations":[{"start":{"line":22,"column":20},"end":{"line":22,"column":64}},{"start":{"line":23,"column":20},"end":{"line":23,"column":77}}],"line":22},"3":{"loc":{"start":{"line":27,"column":20},"end":{"line":32,"column":21}},"type":"if","locations":[{"start":{"line":27,"column":20},"end":{"line":32,"column":21}},{"start":{},"end":{}}],"line":27},"4":{"loc":{"start":{"line":28,"column":24},"end":{"line":29,"column":67}},"type":"binary-expr","locations":[{"start":{"line":28,"column":24},"end":{"line":28,"column":78}},{"start":{"line":29,"column":24},"end":{"line":29,"column":67}}],"line":28},"5":{"loc":{"start":{"line":41,"column":15},"end":{"line":63,"column":9}},"type":"if","locations":[{"start":{"line":41,"column":15},"end":{"line":63,"column":9}},{"start":{},"end":{}}],"line":41},"6":{"loc":{"start":{"line":42,"column":12},"end":{"line":62,"column":13}},"type":"if","locations":[{"start":{"line":42,"column":12},"end":{"line":62,"column":13}},{"start":{"line":60,"column":19},"end":{"line":62,"column":13}}],"line":42},"7":{"loc":{"start":{"line":44,"column":20},"end":{"line":45,"column":69}},"type":"binary-expr","locations":[{"start":{"line":44,"column":20},"end":{"line":44,"column":64}},{"start":{"line":45,"column":20},"end":{"line":45,"column":69}}],"line":44},"8":{"loc":{"start":{"line":49,"column":20},"end":{"line":54,"column":21}},"type":"if","locations":[{"start":{"line":49,"column":20},"end":{"line":54,"column":21}},{"start":{},"end":{}}],"line":49},"9":{"loc":{"start":{"line":50,"column":24},"end":{"line":51,"column":67}},"type":"binary-expr","locations":[{"start":{"line":50,"column":24},"end":{"line":50,"column":78}},{"start":{"line":51,"column":24},"end":{"line":51,"column":67}}],"line":50},"10":{"loc":{"start":{"line":67,"column":8},"end":{"line":85,"column":9}},"type":"if","locations":[{"start":{"line":67,"column":8},"end":{"line":85,"column":9}},{"start":{"line":72,"column":15},"end":{"line":85,"column":9}}],"line":67},"11":{"loc":{"start":{"line":68,"column":12},"end":{"line":69,"column":56}},"type":"binary-expr","locations":[{"start":{"line":68,"column":12},"end":{"line":68,"column":48}},{"start":{"line":69,"column":12},"end":{"line":69,"column":56}}],"line":68},"12":{"loc":{"start":{"line":72,"column":15},"end":{"line":85,"column":9}},"type":"if","locations":[{"start":{"line":72,"column":15},"end":{"line":85,"column":9}},{"start":{"line":76,"column":15},"end":{"line":85,"column":9}}],"line":72},"13":{"loc":{"start":{"line":76,"column":15},"end":{"line":85,"column":9}},"type":"if","locations":[{"start":{"line":76,"column":15},"end":{"line":85,"column":9}},{"start":{"line":83,"column":15},"end":{"line":85,"column":9}}],"line":76},"14":{"loc":{"start":{"line":78,"column":12},"end":{"line":80,"column":13}},"type":"if","locations":[{"start":{"line":78,"column":12},"end":{"line":80,"column":13}},{"start":{},"end":{}}],"line":78},"15":{"loc":{"start":{"line":89,"column":8},"end":{"line":91,"column":9}},"type":"if","locations":[{"start":{"line":89,"column":8},"end":{"line":91,"column":9}},{"start":{},"end":{}}],"line":89}},"s":{"0":8,"1":8,"2":8,"3":8,"4":8,"5":80,"6":800,"7":8,"8":7,"9":7,"10":7,"11":6,"12":6,"13":16,"14":1,"15":5,"16":5,"17":15,"18":5,"19":1,"20":0,"21":0,"22":0,"23":0,"24":0,"25":0,"26":0,"27":0,"28":0,"29":0,"30":0,"31":6,"32":1,"33":5,"34":1,"35":4,"36":4,"37":4,"38":1,"39":4,"40":0,"41":2,"42":1,"43":1},"f":{"0":8,"1":8,"2":80,"3":800,"4":7,"5":6,"6":2},"b":{"0":[7,0],"1":[6,1],"2":[7,7],"3":[1,15],"4":[16,16],"5":[0,0],"6":[0,0],"7":[0,0],"8":[0,0],"9":[0,0],"10":[1,5],"11":[6,5],"12":[1,4],"13":[4,0],"14":[1,3],"15":[1,1]},"_coverageSchema":"1a1c01bbd47fc00a2c39e90264f33305004495a9","hash":"d79bbf13a8770e859a1aa5300294bddb48f45bc1"}
,"H:\\Learning\\Projects - Excercises\\Projects\\TheOdinProject - Battleship\\src\\ship.js": {"path":"H:\\Learning\\Projects - Excercises\\Projects\\TheOdinProject - Battleship\\src\\ship.js","statementMap":{"0":{"start":{"line":3,"column":8},"end":{"line":3,"column":29}},"1":{"start":{"line":4,"column":8},"end":{"line":4,"column":22}},"2":{"start":{"line":8,"column":8},"end":{"line":8,"column":27}},"3":{"start":{"line":12,"column":8},"end":{"line":12,"column":20}},"4":{"start":{"line":16,"column":8},"end":{"line":16,"column":25}},"5":{"start":{"line":20,"column":8},"end":{"line":20,"column":40}}},"fnMap":{"0":{"name":"(anonymous_0)","decl":{"start":{"line":2,"column":4},"end":{"line":2,"column":5}},"loc":{"start":{"line":2,"column":24},"end":{"line":5,"column":5}},"line":2},"1":{"name":"(anonymous_1)","decl":{"start":{"line":7,"column":4},"end":{"line":7,"column":5}},"loc":{"start":{"line":7,"column":16},"end":{"line":9,"column":5}},"line":7},"2":{"name":"(anonymous_2)","decl":{"start":{"line":11,"column":4},"end":{"line":11,"column":5}},"loc":{"start":{"line":11,"column":10},"end":{"line":13,"column":5}},"line":11},"3":{"name":"(anonymous_3)","decl":{"start":{"line":15,"column":4},"end":{"line":15,"column":5}},"loc":{"start":{"line":15,"column":14},"end":{"line":17,"column":5}},"line":15},"4":{"name":"(anonymous_4)","decl":{"start":{"line":19,"column":4},"end":{"line":19,"column":5}},"loc":{"start":{"line":19,"column":13},"end":{"line":21,"column":5}},"line":19}},"branchMap":{},"s":{"0":9,"1":9,"2":7,"3":6,"4":1,"5":6},"f":{"0":9,"1":7,"2":6,"3":1,"4":6},"b":{},"_coverageSchema":"1a1c01bbd47fc00a2c39e90264f33305004495a9","hash":"8af5525edab3c0be1df377f009bd189c07a48761"}
}
