TN:
SF:src\gameboard.js
FN:2,(anonymous_0)
FN:9,(anonymous_1)
FN:10,(anonymous_2)
FN:11,(anonymous_3)
FN:16,(anonymous_4)
FN:66,(anonymous_5)
FNF:6
FNH:6
FNDA:6,(anonymous_0)
FNDA:6,(anonymous_1)
FNDA:60,(anonymous_2)
FNDA:600,(anonymous_3)
FNDA:5,(anonymous_4)
FNDA:3,(anonymous_5)
DA:3,6
DA:4,6
DA:5,6
DA:6,6
DA:10,6
DA:11,600
DA:13,6
DA:17,5
DA:19,5
DA:20,5
DA:26,4
DA:27,10
DA:31,1
DA:34,3
DA:35,9
DA:37,3
DA:39,1
DA:41,0
DA:42,0
DA:48,0
DA:49,0
DA:53,0
DA:56,0
DA:57,0
DA:59,0
DA:61,0
DA:67,3
DA:71,1
DA:72,2
DA:73,1
DA:76,1
DA:77,1
DA:78,1
DA:79,0
DA:81,1
DA:85,0
LF:36
LH:25
BRDA:19,0,0,5
BRDA:19,0,1,0
BRDA:20,1,0,4
BRDA:20,1,1,1
BRDA:22,2,0,5
BRDA:22,2,1,5
BRDA:27,3,0,1
BRDA:27,3,1,9
BRDA:28,4,0,10
BRDA:28,4,1,10
BRDA:41,5,0,0
BRDA:41,5,1,0
BRDA:42,6,0,0
BRDA:42,6,1,0
BRDA:44,7,0,0
BRDA:44,7,1,0
BRDA:49,8,0,0
BRDA:49,8,1,0
BRDA:50,9,0,0
BRDA:50,9,1,0
BRDA:67,10,0,1
BRDA:67,10,1,2
BRDA:68,11,0,3
BRDA:68,11,1,2
BRDA:72,12,0,1
BRDA:72,12,1,1
BRDA:76,13,0,1
BRDA:76,13,1,0
BRDA:78,14,0,0
BRDA:78,14,1,1
BRF:30
BRH:17
end_of_record
TN:
SF:src\ship.js
FN:2,(anonymous_0)
FN:7,(anonymous_1)
FN:11,(anonymous_2)
FN:15,(anonymous_3)
FN:19,(anonymous_4)
FNF:5
FNH:5
FNDA:7,(anonymous_0)
FNDA:5,(anonymous_1)
FNDA:3,(anonymous_2)
FNDA:1,(anonymous_3)
FNDA:3,(anonymous_4)
DA:3,7
DA:4,7
DA:8,5
DA:12,3
DA:16,1
DA:20,3
LF:6
LH:6
BRF:0
BRH:0
end_of_record
