TN:
SF:src\gameboard.js
FN:2,(anonymous_0)
FN:9,(anonymous_1)
FN:10,(anonymous_2)
FN:11,(anonymous_3)
FN:16,(anonymous_4)
FN:66,(anonymous_5)
FNF:6
FNH:5
FNDA:3,(anonymous_0)
FNDA:3,(anonymous_1)
FNDA:30,(anonymous_2)
FNDA:300,(anonymous_3)
FNDA:4,(anonymous_4)
FNDA:0,(anonymous_5)
DA:3,3
DA:4,3
DA:5,3
DA:6,3
DA:10,3
DA:11,300
DA:13,3
DA:17,4
DA:19,4
DA:20,4
DA:26,4
DA:27,10
DA:31,1
DA:34,3
DA:35,9
DA:37,3
DA:39,0
DA:41,0
DA:42,0
DA:48,0
DA:49,0
DA:53,0
DA:56,0
DA:57,0
DA:59,0
DA:61,0
DA:67,0
DA:71,0
LF:28
LH:16
BRDA:19,0,0,4
BRDA:19,0,1,0
BRDA:20,1,0,4
BRDA:20,1,1,0
BRDA:22,2,0,4
BRDA:22,2,1,4
BRDA:27,3,0,1
BRDA:27,3,1,9
BRDA:28,4,0,10
BRDA:28,4,1,10
BRDA:41,5,0,0
BRDA:41,5,1,0
BRDA:42,6,0,0
BRDA:42,6,1,0
BRDA:44,7,0,0
BRDA:44,7,1,0
BRDA:49,8,0,0
BRDA:49,8,1,0
BRDA:50,9,0,0
BRDA:50,9,1,0
BRDA:67,10,0,0
BRDA:67,10,1,0
BRDA:68,11,0,0
BRDA:68,11,1,0
BRF:24
BRH:8
end_of_record
TN:
SF:src\ship.js
FN:2,(anonymous_0)
FN:7,(anonymous_1)
FN:11,(anonymous_2)
FN:15,(anonymous_3)
FNF:4
FNH:4
FNDA:6,(anonymous_0)
FNDA:4,(anonymous_1)
FNDA:2,(anonymous_2)
FNDA:2,(anonymous_3)
DA:3,6
DA:4,6
DA:8,4
DA:12,2
DA:16,2
LF:5
LH:5
BRF:0
BRH:0
end_of_record
